328_Scouting_App-2024/app/build/intermediates/manifest_merge_blame_file/debug/manifest-merger-blame-debug-report.txt
1<?xml version="1.0" encoding="utf-8"?>
2<manifest xmlns:android="http://schemas.android.com/apk/res/android"
3    package="com.current.files"
4    android:versionCode="9"
5    android:versionName="1.2.0" >
6
7    <uses-sdk
8        android:minSdkVersion="24"
8-->src\main\AndroidManifest.xml
9        android:targetSdkVersion="33" />
9-->src\main\AndroidManifest.xml
10
11    <uses-permission android:name="android.permission.INTERNET" />
11-->src\main\AndroidManifest.xml:3:5-67
11-->src\main\AndroidManifest.xml:3:22-64
12    <uses-permission android:name="MediaStore.createWriteRequest" />
12-->src\main\AndroidManifest.xml:4:1-64
12-->src\main\AndroidManifest.xml:4:18-62
13    <uses-permission android:name="android.permission.WRITE_EXTERNAL_STORAGE" />
13-->src\main\AndroidManifest.xml:5:5-81
13-->src\main\AndroidManifest.xml:5:22-78
14    <uses-permission android:name="android.permission.READ_EXTERNAL_STORAGE" />
14-->src\main\AndroidManifest.xml:6:5-80
14-->src\main\AndroidManifest.xml:6:22-77
15    <uses-permission android:name="android.permission.CAMERA" />
15-->src\main\AndroidManifest.xml:7:5-65
15-->src\main\AndroidManifest.xml:7:22-62
16
17    <uses-feature android:name="android.hardware.camera" />
17-->src\main\AndroidManifest.xml:9:5-60
17-->src\main\AndroidManifest.xml:9:19-57
18    <uses-feature android:name="android.hardware.camera.autofocus" />
18-->src\main\AndroidManifest.xml:10:5-70
18-->src\main\AndroidManifest.xml:10:19-67
19    <uses-feature
19-->[com.journeyapps:zxing-android-embedded:4.1.0] AndroidManifest.xml:28:5-30:36
20        android:name="android.hardware.camera.front"
20-->[com.journeyapps:zxing-android-embedded:4.1.0] AndroidManifest.xml:29:9-53
21        android:required="false" />
21-->[com.journeyapps:zxing-android-embedded:4.1.0] AndroidManifest.xml:30:9-33
22    <uses-feature
22-->[com.journeyapps:zxing-android-embedded:4.1.0] AndroidManifest.xml:36:5-38:36
23        android:name="android.hardware.camera.flash"
23-->[com.journeyapps:zxing-android-embedded:4.1.0] AndroidManifest.xml:37:9-53
24        android:required="false" />
24-->[com.journeyapps:zxing-android-embedded:4.1.0] AndroidManifest.xml:38:9-33
25    <uses-feature
25-->[com.journeyapps:zxing-android-embedded:4.1.0] AndroidManifest.xml:39:5-41:36
26        android:name="android.hardware.screen.landscape"
26-->[com.journeyapps:zxing-android-embedded:4.1.0] AndroidManifest.xml:40:9-57
27        android:required="false" />
27-->[com.journeyapps:zxing-android-embedded:4.1.0] AndroidManifest.xml:41:9-33
28    <uses-feature
28-->[com.journeyapps:zxing-android-embedded:4.1.0] AndroidManifest.xml:42:5-44:36
29        android:name="android.hardware.wifi"
29-->[com.journeyapps:zxing-android-embedded:4.1.0] AndroidManifest.xml:43:9-45
30        android:required="false" />
30-->[com.journeyapps:zxing-android-embedded:4.1.0] AndroidManifest.xml:44:9-33
31
32    <permission
32-->[androidx.core:core:1.9.0] AndroidManifest.xml:22:5-24:47
33        android:name="com.current.files.DYNAMIC_RECEIVER_NOT_EXPORTED_PERMISSION"
33-->[androidx.core:core:1.9.0] AndroidManifest.xml:23:9-81
34        android:protectionLevel="signature" />
34-->[androidx.core:core:1.9.0] AndroidManifest.xml:24:9-44
35
36    <uses-permission android:name="com.current.files.DYNAMIC_RECEIVER_NOT_EXPORTED_PERMISSION" />
36-->[androidx.core:core:1.9.0] AndroidManifest.xml:26:5-97
36-->[androidx.core:core:1.9.0] AndroidManifest.xml:26:22-94
37
38    <application
38-->src\main\AndroidManifest.xml:12:5-67:19
39        android:allowBackup="true"
39-->src\main\AndroidManifest.xml:13:9-35
40        android:appComponentFactory="androidx.core.app.CoreComponentFactory"
40-->[androidx.core:core:1.9.0] AndroidManifest.xml:28:18-86
41        android:debuggable="true"
42        android:extractNativeLibs="false"
43        android:icon="@drawable/logo"
43-->src\main\AndroidManifest.xml:14:9-38
44        android:label="@string/app_name"
44-->src\main\AndroidManifest.xml:15:9-41
45        android:requestLegacyExternalStorage="true"
45-->src\main\AndroidManifest.xml:16:9-52
46        android:roundIcon="@drawable/logo_rounded"
46-->src\main\AndroidManifest.xml:17:9-51
47        android:supportsRtl="true"
47-->src\main\AndroidManifest.xml:18:9-35
48        android:testOnly="true"
49        android:theme="@style/Theme.FirebaseStorageImage" >
49-->src\main\AndroidManifest.xml:19:9-58
50        <activity
50-->src\main\AndroidManifest.xml:20:9-22:40
51            android:name="robotics.scouting.current.GridActivity"
51-->src\main\AndroidManifest.xml:21:13-41
52            android:exported="false" />
52-->src\main\AndroidManifest.xml:22:13-37
53        <!-- this is a comment -->
54        <activity
54-->src\main\AndroidManifest.xml:24:9-26:40
55            android:name="robotics.scouting.current.QRCodeScanner"
55-->src\main\AndroidManifest.xml:25:13-42
56            android:exported="false" />
56-->src\main\AndroidManifest.xml:26:13-37
57        <activity
57-->src\main\AndroidManifest.xml:27:9-29:40
58            android:name="robotics.scouting.current.AllianceActivity"
58-->src\main\AndroidManifest.xml:28:13-45
59            android:exported="false" />
59-->src\main\AndroidManifest.xml:29:13-37
60        <activity
60-->src\main\AndroidManifest.xml:30:9-32:40
61            android:name="robotics.scouting.current.faqActivityMain"
61-->src\main\AndroidManifest.xml:31:13-44
62            android:exported="false" />
62-->src\main\AndroidManifest.xml:32:13-37
63        <activity
63-->src\main\AndroidManifest.xml:33:9-34:39
64            android:name="robotics.scouting.current.CameraScannerAlliance"
64-->src\main\AndroidManifest.xml:33:19-56
65            android:exported="false" />
65-->src\main\AndroidManifest.xml:34:13-37
66        <activity
66-->src\main\AndroidManifest.xml:35:9-47:20
67            android:name="robotics.scouting.current.SplashActivity"
67-->src\main\AndroidManifest.xml:36:13-43
68            android:exported="true" >
68-->src\main\AndroidManifest.xml:37:13-36
69            <intent-filter>
69-->src\main\AndroidManifest.xml:38:13-42:29
70                <action android:name="android.intent.action.MAIN" />
70-->src\main\AndroidManifest.xml:39:17-69
70-->src\main\AndroidManifest.xml:39:25-66
71
72                <category android:name="android.intent.category.LAUNCHER" />
72-->src\main\AndroidManifest.xml:41:17-77
72-->src\main\AndroidManifest.xml:41:27-74
73            </intent-filter>
74
75            <meta-data
75-->src\main\AndroidManifest.xml:44:13-46:36
76                android:name="android.app.lib_name"
76-->src\main\AndroidManifest.xml:45:17-52
77                android:value="" />
77-->src\main\AndroidManifest.xml:46:17-33
78        </activity>
79        <activity
79-->src\main\AndroidManifest.xml:48:9-54:20
80            android:name="robotics.scouting.current.FileListActivity"
80-->src\main\AndroidManifest.xml:49:13-45
81            android:exported="false" >
81-->src\main\AndroidManifest.xml:50:13-37
82            <meta-data
82-->src\main\AndroidManifest.xml:44:13-46:36
83                android:name="android.app.lib_name"
83-->src\main\AndroidManifest.xml:45:17-52
84                android:value="" />
84-->src\main\AndroidManifest.xml:46:17-33
85        </activity>
86        <activity
86-->src\main\AndroidManifest.xml:55:9-57:40
87            android:name="robotics.scouting.current.MainActivity"
87-->src\main\AndroidManifest.xml:56:13-41
88            android:exported="false" />
88-->src\main\AndroidManifest.xml:57:13-37
89
90        <provider
91            android:name="androidx.core.content.FileProvider"
91-->src\main\AndroidManifest.xml:59:13-62
92            android:authorities="com.current.files.provider"
92-->src\main\AndroidManifest.xml:60:13-60
93            android:exported="false"
93-->src\main\AndroidManifest.xml:61:13-37
94            android:grantUriPermissions="true" >
94-->src\main\AndroidManifest.xml:62:13-47
95            <meta-data
95-->src\main\AndroidManifest.xml:63:13-65:58
96                android:name="android.support.FILE_PROVIDER_PATHS"
96-->src\main\AndroidManifest.xml:64:17-67
97                android:resource="@xml/provider_paths" />
97-->src\main\AndroidManifest.xml:65:17-55
98        </provider>
99
100        <activity
100-->[com.journeyapps:zxing-android-embedded:4.1.0] AndroidManifest.xml:47:9-53:63
101            android:name="com.journeyapps.barcodescanner.CaptureActivity"
101-->[com.journeyapps:zxing-android-embedded:4.1.0] AndroidManifest.xml:48:13-74
102            android:clearTaskOnLaunch="true"
102-->[com.journeyapps:zxing-android-embedded:4.1.0] AndroidManifest.xml:49:13-45
103            android:screenOrientation="sensorLandscape"
103-->[com.journeyapps:zxing-android-embedded:4.1.0] AndroidManifest.xml:50:13-56
104            android:stateNotNeeded="true"
104-->[com.journeyapps:zxing-android-embedded:4.1.0] AndroidManifest.xml:51:13-42
105            android:theme="@style/zxing_CaptureTheme"
105-->[com.journeyapps:zxing-android-embedded:4.1.0] AndroidManifest.xml:52:13-54
106            android:windowSoftInputMode="stateAlwaysHidden" />
106-->[com.journeyapps:zxing-android-embedded:4.1.0] AndroidManifest.xml:53:13-60
107
108        <uses-library
108-->[androidx.window:window:1.1.0-alpha04] AndroidManifest.xml:23:9-25:40
109            android:name="androidx.window.extensions"
109-->[androidx.window:window:1.1.0-alpha04] AndroidManifest.xml:24:13-54
110            android:required="false" />
110-->[androidx.window:window:1.1.0-alpha04] AndroidManifest.xml:25:13-37
111        <uses-library
111-->[androidx.window:window:1.1.0-alpha04] AndroidManifest.xml:26:9-28:40
112            android:name="androidx.window.sidecar"
112-->[androidx.window:window:1.1.0-alpha04] AndroidManifest.xml:27:13-51
113            android:required="false" />
113-->[androidx.window:window:1.1.0-alpha04] AndroidManifest.xml:28:13-37
114
115        <provider
115-->[androidx.emoji2:emoji2:1.2.0] AndroidManifest.xml:24:9-32:20
116            android:name="androidx.startup.InitializationProvider"
116-->[androidx.emoji2:emoji2:1.2.0] AndroidManifest.xml:25:13-67
117            android:authorities="com.current.files.androidx-startup"
117-->[androidx.emoji2:emoji2:1.2.0] AndroidManifest.xml:26:13-68
118            android:exported="false" >
118-->[androidx.emoji2:emoji2:1.2.0] AndroidManifest.xml:27:13-37
119            <meta-data
119-->[androidx.emoji2:emoji2:1.2.0] AndroidManifest.xml:29:13-31:52
120                android:name="androidx.emoji2.text.EmojiCompatInitializer"
120-->[androidx.emoji2:emoji2:1.2.0] AndroidManifest.xml:30:17-75
121                android:value="androidx.startup" />
121-->[androidx.emoji2:emoji2:1.2.0] AndroidManifest.xml:31:17-49
122            <meta-data
122-->[androidx.lifecycle:lifecycle-process:2.4.1] AndroidManifest.xml:31:13-33:52
123                android:name="androidx.lifecycle.ProcessLifecycleInitializer"
123-->[androidx.lifecycle:lifecycle-process:2.4.1] AndroidManifest.xml:32:17-78
124                android:value="androidx.startup" />
124-->[androidx.lifecycle:lifecycle-process:2.4.1] AndroidManifest.xml:33:17-49
125        </provider>
126    </application>
127
128</manifest>